---
  0 debug pnpm:scope: 
    selected: 1
    workspacePrefix: null
  1 info pnpm: 
    message: "A store server is running. All store manipulations are delegated to it."
    prefix: "/app"
  2 debug pnpm:package-json: 
    initial: 
      //1: "describes your app and its dependencies"
      //2: "https://docs.npmjs.com/files/package.json"
      //3: "updating this file will download and update your packages"
      name: "hello-express"
      version: "0.0.1"
      description: "STRIGA V12"
      main: "bot.js"
      scripts: 
        start: "node bot.js"
      dependencies: 
        assert-plus: "^1.0.0"
        axios: "^0.21.1"
        chalk: "^4.1.0"
        cheerio: "^1.0.0-rc.5"
        common-tags: "^1.8.0"
        crypto: "^1.0.1"
        disc: "^1.3.3"
        discord.js: "^12.5.1"
        express: "^4.17.1"
        ffmpeg: "0.0.4"
        fs: "^0.0.2"
        jimp: "^0.16.1"
        luxon: "^1.25.0"
        moment: "^2.29.1"
        moment-duration-format: "^2.3.2"
        ms: "^2.1.3"
        node-superfetch: "^0.1.11"
        parse-ms: "^2.1.0"
        path: "^0.12.7"
        quick.db: "^7.1.2"
        random-puppy: "^1.1.0"
        request: "^2.88.2"
        snekfetch: "^4.0.4"
        speedtest-net: "^2.1.1"
        steam-provider: "^0.3.2"
        useful-tools: "^0.2.6"
        user-instagram: "^2.1.9"
        weather-js: "^2.0.0"
        wio.db: "^4.0.15"
        ytdl-core: "^4.4.5"
      engines: 
        node: "12.x"
      repository: 
        url: "https://glitch.com/edit/#!/hello-express"
      license: "MIT"
      keywords: 
        - "node"
        - "glitch"
        - "express"
      gitHead: "a127942eb88116755d35b257fd65b16bf3256b50"
      readme: "ERROR: No README data found!"
      _id: "hello-express@0.0.1"
    prefix: "/app"
  3 warn pnpm: 
    message: "Moving axios that was installed by a different package manager to \"node_modules/.ignored"
    prefix: "/app"
  4 error pnpm: 
    message: 
      errno: -39
      code: "ENOTEMPTY"
      syscall: "rename"
      path: "/rbd/pnpm-volume/286ea13c-06d5-46c1-8bd4-0d378af70338/node_modules/axios"
      dest: "/rbd/pnpm-volume/286ea13c-06d5-46c1-8bd4-0d378af70338/node_modules/.ignored/axios"
    err: 
      name: "Error"
      message: "ENOTEMPTY: directory not empty, rename '/rbd/pnpm-volume/286ea13c-06d5-46c1-8bd4-0d378af70338/node_modules/axios' -> '/rbd/pnpm-volume/286ea13c-06d5-46c1-8bd4-0d378af70338/node_modules/.ignored/axios'"
      code: "ENOTEMPTY"
      stack: "Error: ENOTEMPTY: directory not empty, rename '/rbd/pnpm-volume/286ea13c-06d5-46c1-8bd4-0d378af70338/node_modules/axios' -> '/rbd/pnpm-volume/286ea13c-06d5-46c1-8bd4-0d378af70338/node_modules/.ignored/axios'"
